<?xml version="1.0" encoding="UTF-8"?>
<!-- Generated by org.testng.reporters.JUnitReportReporter -->
<testsuite hostname="DESKTOP-P6F1DDQ" failures="0" tests="1" name="testCases.TC001_LoginTest" time="7.040" errors="0" timestamp="2024-08-06T10:34:55 IST" skipped="0">
  <testcase classname="testCases.TC001_LoginTest" name="verify_Login" time="7.040"/>
</testsuite> <!-- testCases.TC001_LoginTest -->
