<?xml version="1.0" encoding="UTF-8"?>
<!-- Generated by org.testng.reporters.JUnitReportReporter -->
<testsuite hostname="DESKTOP-P6F1DDQ" failures="0" tests="1" name="testCases.TC001_LoginTest" time="6.553" errors="0" timestamp="2025-03-11T23:26:44 IST" skipped="0">
  <testcase classname="testCases.TC001_LoginTest" name="verify_Login" time="6.553"/>
  <system-out/>
</testsuite> <!-- testCases.TC001_LoginTest -->
