<?xml version="1.0" encoding="UTF-8"?>
<!-- Generated by org.testng.reporters.JUnitReportReporter -->
<testsuite hostname="kali" failures="0" tests="1" name="testCases.TC001_LoginTest" time="8.728" errors="0" timestamp="2024-09-15T09:54:10 EDT" skipped="0">
  <testcase classname="testCases.TC001_LoginTest" name="verify_Login" time="8.728"/>
</testsuite> <!-- testCases.TC001_LoginTest -->
